C:\Program Files\Microsoft Visual Studio\2022\Community\MSBuild\Microsoft\VC\v170\Microsoft.CppBuild.targets(534,5): warning MSB8028: The intermediate directory (x64\Debug\) contains files shared from another project (AGPA_Exp1.vcxproj).  This can lead to incorrect clean and rebuild behavior.
  main.cpp
D:\UPES\Academics\3rd Year\5th Semester\Advanced-Game-Programming-Mobile-Development-UPES-GG-5th-Semester\Sem5_AGPA_Lab\AGPA_Theory1\AGPA_Exp1\main.cpp(18,25): warning C4305: 'argument': truncation from 'double' to 'GLfloat'
D:\UPES\Academics\3rd Year\5th Semester\Advanced-Game-Programming-Mobile-Development-UPES-GG-5th-Semester\Sem5_AGPA_Lab\AGPA_Theory1\AGPA_Exp1\main.cpp(25,25): warning C4305: 'argument': truncation from 'double' to 'GLfloat'
D:\UPES\Academics\3rd Year\5th Semester\Advanced-Game-Programming-Mobile-Development-UPES-GG-5th-Semester\Sem5_AGPA_Lab\AGPA_Theory1\AGPA_Exp1\main.cpp(37,20): warning C4244: 'initializing': conversion from 'int' to 'float', possible loss of data
D:\UPES\Academics\3rd Year\5th Semester\Advanced-Game-Programming-Mobile-Development-UPES-GG-5th-Semester\Sem5_AGPA_Lab\AGPA_Theory1\AGPA_Exp1\main.cpp(46,24): warning C4305: 'argument': truncation from 'double' to 'GLfloat'
D:\UPES\Academics\3rd Year\5th Semester\Advanced-Game-Programming-Mobile-Development-UPES-GG-5th-Semester\Sem5_AGPA_Lab\AGPA_Theory1\AGPA_Exp1\main.cpp(53,24): warning C4305: 'argument': truncation from 'double' to 'GLfloat'
D:\UPES\Academics\3rd Year\5th Semester\Advanced-Game-Programming-Mobile-Development-UPES-GG-5th-Semester\Sem5_AGPA_Lab\AGPA_Theory1\AGPA_Exp1\main.cpp(128,14): warning C4305: 'initializing': truncation from 'double' to 'float'
D:\UPES\Academics\3rd Year\5th Semester\Advanced-Game-Programming-Mobile-Development-UPES-GG-5th-Semester\Sem5_AGPA_Lab\AGPA_Theory1\AGPA_Exp1\main.cpp(137,1): warning C4305: 'argument': truncation from 'double' to 'float'
D:\UPES\Academics\3rd Year\5th Semester\Advanced-Game-Programming-Mobile-Development-UPES-GG-5th-Semester\Sem5_AGPA_Lab\AGPA_Theory1\AGPA_Exp1\main.cpp(139,1): warning C4305: 'argument': truncation from 'double' to 'float'
D:\UPES\Academics\3rd Year\5th Semester\Advanced-Game-Programming-Mobile-Development-UPES-GG-5th-Semester\Sem5_AGPA_Lab\AGPA_Theory1\AGPA_Exp1\main.cpp(141,1): warning C4305: 'argument': truncation from 'double' to 'float'
D:\UPES\Academics\3rd Year\5th Semester\Advanced-Game-Programming-Mobile-Development-UPES-GG-5th-Semester\Sem5_AGPA_Lab\AGPA_Theory1\AGPA_Exp1\main.cpp(143,1): warning C4305: 'argument': truncation from 'double' to 'float'
D:\UPES\Academics\3rd Year\5th Semester\Advanced-Game-Programming-Mobile-Development-UPES-GG-5th-Semester\Sem5_AGPA_Lab\AGPA_Theory1\AGPA_Exp1\main.cpp(186,13): warning C4244: 'argument': conversion from 'time_t' to 'unsigned int', possible loss of data
D:\UPES\Academics\3rd Year\5th Semester\Advanced-Game-Programming-Mobile-Development-UPES-GG-5th-Semester\Sem5_AGPA_Lab\AGPA_Theory1\AGPA_Exp1\main.cpp(190,10): warning C4244: '=': conversion from 'int' to 'float', possible loss of data
D:\UPES\Academics\3rd Year\5th Semester\Advanced-Game-Programming-Mobile-Development-UPES-GG-5th-Semester\Sem5_AGPA_Lab\AGPA_Theory1\AGPA_Exp1\main.cpp(191,10): warning C4244: '=': conversion from 'int' to 'float', possible loss of data
D:\UPES\Academics\3rd Year\5th Semester\Advanced-Game-Programming-Mobile-Development-UPES-GG-5th-Semester\Sem5_AGPA_Lab\AGPA_Theory1\AGPA_Exp1\main.cpp(212,53): warning C4305: 'argument': truncation from 'double' to 'float'
D:\UPES\Academics\3rd Year\5th Semester\Advanced-Game-Programming-Mobile-Development-UPES-GG-5th-Semester\Sem5_AGPA_Lab\AGPA_Theory1\AGPA_Exp1\main.cpp(213,66): warning C4305: 'argument': truncation from 'double' to 'float'
D:\UPES\Academics\3rd Year\5th Semester\Advanced-Game-Programming-Mobile-Development-UPES-GG-5th-Semester\Sem5_AGPA_Lab\AGPA_Theory1\AGPA_Exp1\main.cpp(275,27): warning C4305: 'argument': truncation from 'double' to 'GLfloat'
  AGPA_Exp1.vcxproj -> D:\UPES\Academics\3rd Year\5th Semester\Advanced-Game-Programming-Mobile-Development-UPES-GG-5th-Semester\Sem5_AGPA_Lab\AGPA_Theory1\x64\Debug\AGPA_Exp2.exe
          1 file(s) copied.
